DEB [20171229-13:27:01.161] thr=1   paramiko.transport: starting thread (client mode): 0x58dba50
DEB [20171229-13:27:01.162] thr=1   paramiko.transport: Local version/idstring: SSH-2.0-paramiko_2.4.0
DEB [20171229-13:27:01.184] thr=1   paramiko.transport: Remote version/idstring: SSH-2.0-OpenSSH_7.2p2 Ubuntu-4ubuntu2.2
INF [20171229-13:27:01.184] thr=1   paramiko.transport: Connected (version 2.0, client OpenSSH_7.2p2)
DEB [20171229-13:27:01.205] thr=1   paramiko.transport: kex algos:['curve25519-sha256@libssh.org', 'ecdh-sha2-nistp256', 'ecdh-sha2-nistp384', 'ecdh-sha2-nistp521', 'diffie-hellman-group-exchange-sha256', 'diffie-hellman-group14-sha1'] server key:['ssh-rsa', 'rsa-sha2-512', 'rsa-sha2-256', 'ecdsa-sha2-nistp256', 'ssh-ed25519'] client encrypt:['chacha20-poly1305@openssh.com', 'aes128-ctr', 'aes192-ctr', 'aes256-ctr', 'aes128-gcm@openssh.com', 'aes256-gcm@openssh.com'] server encrypt:['chacha20-poly1305@openssh.com', 'aes128-ctr', 'aes192-ctr', 'aes256-ctr', 'aes128-gcm@openssh.com', 'aes256-gcm@openssh.com'] client mac:['umac-64-etm@openssh.com', 'umac-128-etm@openssh.com', 'hmac-sha2-256-etm@openssh.com', 'hmac-sha2-512-etm@openssh.com', 'hmac-sha1-etm@openssh.com', 'umac-64@openssh.com', 'umac-128@openssh.com', 'hmac-sha2-256', 'hmac-sha2-512', 'hmac-sha1'] server mac:['umac-64-etm@openssh.com', 'umac-128-etm@openssh.com', 'hmac-sha2-256-etm@openssh.com', 'hmac-sha2-512-etm@openssh.com', 'hmac-sha1-etm@openssh.com', 'umac-64@openssh.com', 'umac-128@openssh.com', 'hmac-sha2-256', 'hmac-sha2-512', 'hmac-sha1'] client compress:['none', 'zlib@openssh.com'] server compress:['none', 'zlib@openssh.com'] client lang:[''] server lang:[''] kex follows?False
DEB [20171229-13:27:01.206] thr=1   paramiko.transport: Kex agreed: ecdh-sha2-nistp256
DEB [20171229-13:27:01.206] thr=1   paramiko.transport: HostKey agreed: ssh-ed25519
DEB [20171229-13:27:01.206] thr=1   paramiko.transport: Cipher agreed: aes128-ctr
DEB [20171229-13:27:01.206] thr=1   paramiko.transport: MAC agreed: hmac-sha2-256
DEB [20171229-13:27:01.207] thr=1   paramiko.transport: Compression agreed: none
DEB [20171229-13:27:01.246] thr=1   paramiko.transport: kex engine KexNistp256 specified hash_algo <built-in function openssl_sha256>
DEB [20171229-13:27:01.247] thr=1   paramiko.transport: Switch to new keys ...
DEB [20171229-13:27:01.248] thr=2   paramiko.transport: Attempting public-key auth...
DEB [20171229-13:27:01.319] thr=1   paramiko.transport: userauth is OK
INF [20171229-13:27:01.386] thr=1   paramiko.transport: Authentication (publickey) successful!
DEB [20171229-13:27:01.387] thr=2   paramiko.transport: [chan 0] Max packet in: 32768 bytes
DEB [20171229-13:27:01.859] thr=1   paramiko.transport: Received global request "hostkeys-00@openssh.com"
DEB [20171229-13:27:01.859] thr=1   paramiko.transport: Rejecting "hostkeys-00@openssh.com" global request from server.
DEB [20171229-13:27:01.918] thr=1   paramiko.transport: [chan 0] Max packet out: 32768 bytes
DEB [20171229-13:27:01.918] thr=1   paramiko.transport: Secsh channel 0 opened.
DEB [20171229-13:27:01.938] thr=1   paramiko.transport: [chan 0] Sesch channel 0 request ok
INF [20171229-13:27:01.982] thr=2   paramiko.transport.sftp: [chan 0] Opened sftp connection (server version 3)
DEB [20171229-13:27:01.982] thr=2   paramiko.transport.sftp: [chan 0] listdir(b'.')
DEB [20171229-13:27:02.057] thr=1   paramiko.transport: EOF in transport thread
