DEB [20180111-20:31:51.359] thr=1   paramiko.transport: starting thread (client mode): 0x5eadc90
DEB [20180111-20:31:51.359] thr=1   paramiko.transport: Local version/idstring: SSH-2.0-paramiko_2.4.0
DEB [20180111-20:31:51.381] thr=1   paramiko.transport: Remote version/idstring: SSH-2.0-OpenSSH_7.2p2 Ubuntu-4ubuntu2.2
INF [20180111-20:31:51.381] thr=1   paramiko.transport: Connected (version 2.0, client OpenSSH_7.2p2)
DEB [20180111-20:31:51.400] thr=1   paramiko.transport: kex algos:['curve25519-sha256@libssh.org', 'ecdh-sha2-nistp256', 'ecdh-sha2-nistp384', 'ecdh-sha2-nistp521', 'diffie-hellman-group-exchange-sha256', 'diffie-hellman-group14-sha1'] server key:['ssh-rsa', 'rsa-sha2-512', 'rsa-sha2-256', 'ecdsa-sha2-nistp256', 'ssh-ed25519'] client encrypt:['chacha20-poly1305@openssh.com', 'aes128-ctr', 'aes192-ctr', 'aes256-ctr', 'aes128-gcm@openssh.com', 'aes256-gcm@openssh.com'] server encrypt:['chacha20-poly1305@openssh.com', 'aes128-ctr', 'aes192-ctr', 'aes256-ctr', 'aes128-gcm@openssh.com', 'aes256-gcm@openssh.com'] client mac:['umac-64-etm@openssh.com', 'umac-128-etm@openssh.com', 'hmac-sha2-256-etm@openssh.com', 'hmac-sha2-512-etm@openssh.com', 'hmac-sha1-etm@openssh.com', 'umac-64@openssh.com', 'umac-128@openssh.com', 'hmac-sha2-256', 'hmac-sha2-512', 'hmac-sha1'] server mac:['umac-64-etm@openssh.com', 'umac-128-etm@openssh.com', 'hmac-sha2-256-etm@openssh.com', 'hmac-sha2-512-etm@openssh.com', 'hmac-sha1-etm@openssh.com', 'umac-64@openssh.com', 'umac-128@openssh.com', 'hmac-sha2-256', 'hmac-sha2-512', 'hmac-sha1'] client compress:['none', 'zlib@openssh.com'] server compress:['none', 'zlib@openssh.com'] client lang:[''] server lang:[''] kex follows?False
DEB [20180111-20:31:51.410] thr=1   paramiko.transport: Kex agreed: ecdh-sha2-nistp256
DEB [20180111-20:31:51.410] thr=1   paramiko.transport: HostKey agreed: ssh-ed25519
DEB [20180111-20:31:51.411] thr=1   paramiko.transport: Cipher agreed: aes128-ctr
DEB [20180111-20:31:51.411] thr=1   paramiko.transport: MAC agreed: hmac-sha2-256
DEB [20180111-20:31:51.411] thr=1   paramiko.transport: Compression agreed: none
DEB [20180111-20:31:51.432] thr=1   paramiko.transport: kex engine KexNistp256 specified hash_algo <built-in function openssl_sha256>
DEB [20180111-20:31:51.433] thr=1   paramiko.transport: Switch to new keys ...
DEB [20180111-20:31:51.433] thr=2   paramiko.transport: Attempting public-key auth...
DEB [20180111-20:31:51.511] thr=1   paramiko.transport: userauth is OK
INF [20180111-20:31:51.553] thr=1   paramiko.transport: Authentication (publickey) successful!
DEB [20180111-20:31:51.553] thr=2   paramiko.transport: [chan 0] Max packet in: 32768 bytes
DEB [20180111-20:31:51.665] thr=1   paramiko.transport: Received global request "hostkeys-00@openssh.com"
DEB [20180111-20:31:51.665] thr=1   paramiko.transport: Rejecting "hostkeys-00@openssh.com" global request from server.
DEB [20180111-20:31:51.724] thr=1   paramiko.transport: [chan 0] Max packet out: 32768 bytes
DEB [20180111-20:31:51.724] thr=1   paramiko.transport: Secsh channel 0 opened.
DEB [20180111-20:31:51.761] thr=1   paramiko.transport: [chan 0] Sesch channel 0 request ok
INF [20180111-20:31:51.785] thr=2   paramiko.transport.sftp: [chan 0] Opened sftp connection (server version 3)
DEB [20180111-20:31:51.785] thr=2   paramiko.transport.sftp: [chan 0] open(b'/home/wso2cep/wso2das-3.1.0/repository/deployment/server/eventstreams/geosmart.remote.test_1.0.0.json', 'wb')
DEB [20180111-20:31:51.803] thr=2   paramiko.transport.sftp: [chan 0] open(b'/home/wso2cep/wso2das-3.1.0/repository/deployment/server/eventstreams/geosmart.remote.test_1.0.0.json', 'wb') -> 00000000
DEB [20180111-20:31:51.803] thr=2   paramiko.transport.sftp: [chan 0] close(00000000)
DEB [20180111-20:31:51.838] thr=2   paramiko.transport.sftp: [chan 0] stat(b'/home/wso2cep/wso2das-3.1.0/repository/deployment/server/eventstreams/geosmart.remote.test_1.0.0.json')
DEB [20180111-20:31:51.863] thr=1   paramiko.transport: EOF in transport thread
DEB [20180111-20:31:51.887] thr=3   paramiko.transport: starting thread (client mode): 0x625e9d0
DEB [20180111-20:31:51.887] thr=3   paramiko.transport: Local version/idstring: SSH-2.0-paramiko_2.4.0
DEB [20180111-20:31:51.912] thr=3   paramiko.transport: Remote version/idstring: SSH-2.0-OpenSSH_7.2p2 Ubuntu-4ubuntu2.2
INF [20180111-20:31:51.912] thr=3   paramiko.transport: Connected (version 2.0, client OpenSSH_7.2p2)
DEB [20180111-20:31:51.930] thr=3   paramiko.transport: kex algos:['curve25519-sha256@libssh.org', 'ecdh-sha2-nistp256', 'ecdh-sha2-nistp384', 'ecdh-sha2-nistp521', 'diffie-hellman-group-exchange-sha256', 'diffie-hellman-group14-sha1'] server key:['ssh-rsa', 'rsa-sha2-512', 'rsa-sha2-256', 'ecdsa-sha2-nistp256', 'ssh-ed25519'] client encrypt:['chacha20-poly1305@openssh.com', 'aes128-ctr', 'aes192-ctr', 'aes256-ctr', 'aes128-gcm@openssh.com', 'aes256-gcm@openssh.com'] server encrypt:['chacha20-poly1305@openssh.com', 'aes128-ctr', 'aes192-ctr', 'aes256-ctr', 'aes128-gcm@openssh.com', 'aes256-gcm@openssh.com'] client mac:['umac-64-etm@openssh.com', 'umac-128-etm@openssh.com', 'hmac-sha2-256-etm@openssh.com', 'hmac-sha2-512-etm@openssh.com', 'hmac-sha1-etm@openssh.com', 'umac-64@openssh.com', 'umac-128@openssh.com', 'hmac-sha2-256', 'hmac-sha2-512', 'hmac-sha1'] server mac:['umac-64-etm@openssh.com', 'umac-128-etm@openssh.com', 'hmac-sha2-256-etm@openssh.com', 'hmac-sha2-512-etm@openssh.com', 'hmac-sha1-etm@openssh.com', 'umac-64@openssh.com', 'umac-128@openssh.com', 'hmac-sha2-256', 'hmac-sha2-512', 'hmac-sha1'] client compress:['none', 'zlib@openssh.com'] server compress:['none', 'zlib@openssh.com'] client lang:[''] server lang:[''] kex follows?False
DEB [20180111-20:31:51.931] thr=3   paramiko.transport: Kex agreed: ecdh-sha2-nistp256
DEB [20180111-20:31:51.931] thr=3   paramiko.transport: HostKey agreed: ssh-ed25519
DEB [20180111-20:31:51.931] thr=3   paramiko.transport: Cipher agreed: aes128-ctr
DEB [20180111-20:31:51.931] thr=3   paramiko.transport: MAC agreed: hmac-sha2-256
DEB [20180111-20:31:51.931] thr=3   paramiko.transport: Compression agreed: none
DEB [20180111-20:31:51.954] thr=3   paramiko.transport: kex engine KexNistp256 specified hash_algo <built-in function openssl_sha256>
DEB [20180111-20:31:51.955] thr=3   paramiko.transport: Switch to new keys ...
DEB [20180111-20:31:51.955] thr=2   paramiko.transport: Attempting public-key auth...
DEB [20180111-20:31:52.029] thr=3   paramiko.transport: userauth is OK
INF [20180111-20:31:52.073] thr=3   paramiko.transport: Authentication (publickey) successful!
DEB [20180111-20:31:52.074] thr=2   paramiko.transport: [chan 0] Max packet in: 32768 bytes
DEB [20180111-20:31:52.172] thr=3   paramiko.transport: Received global request "hostkeys-00@openssh.com"
DEB [20180111-20:31:52.172] thr=3   paramiko.transport: Rejecting "hostkeys-00@openssh.com" global request from server.
DEB [20180111-20:31:52.229] thr=3   paramiko.transport: [chan 0] Max packet out: 32768 bytes
DEB [20180111-20:31:52.230] thr=3   paramiko.transport: Secsh channel 0 opened.
DEB [20180111-20:31:52.248] thr=3   paramiko.transport: [chan 0] Sesch channel 0 request ok
INF [20180111-20:31:52.267] thr=2   paramiko.transport.sftp: [chan 0] Opened sftp connection (server version 3)
DEB [20180111-20:31:52.267] thr=2   paramiko.transport.sftp: [chan 0] remove(b'/home/wso2cep/wso2das-3.1.0/repository/deployment/server/eventstreams/geosmart.remote.test_1.0.0.json')
DEB [20180111-20:31:52.285] thr=3   paramiko.transport: EOF in transport thread
DEB [20180111-20:31:52.311] thr=4   paramiko.transport: starting thread (client mode): 0x60f4750
DEB [20180111-20:31:52.311] thr=4   paramiko.transport: Local version/idstring: SSH-2.0-paramiko_2.4.0
DEB [20180111-20:31:52.332] thr=4   paramiko.transport: Remote version/idstring: SSH-2.0-OpenSSH_7.2p2 Ubuntu-4ubuntu2.2
INF [20180111-20:31:52.333] thr=4   paramiko.transport: Connected (version 2.0, client OpenSSH_7.2p2)
DEB [20180111-20:31:52.350] thr=4   paramiko.transport: kex algos:['curve25519-sha256@libssh.org', 'ecdh-sha2-nistp256', 'ecdh-sha2-nistp384', 'ecdh-sha2-nistp521', 'diffie-hellman-group-exchange-sha256', 'diffie-hellman-group14-sha1'] server key:['ssh-rsa', 'rsa-sha2-512', 'rsa-sha2-256', 'ecdsa-sha2-nistp256', 'ssh-ed25519'] client encrypt:['chacha20-poly1305@openssh.com', 'aes128-ctr', 'aes192-ctr', 'aes256-ctr', 'aes128-gcm@openssh.com', 'aes256-gcm@openssh.com'] server encrypt:['chacha20-poly1305@openssh.com', 'aes128-ctr', 'aes192-ctr', 'aes256-ctr', 'aes128-gcm@openssh.com', 'aes256-gcm@openssh.com'] client mac:['umac-64-etm@openssh.com', 'umac-128-etm@openssh.com', 'hmac-sha2-256-etm@openssh.com', 'hmac-sha2-512-etm@openssh.com', 'hmac-sha1-etm@openssh.com', 'umac-64@openssh.com', 'umac-128@openssh.com', 'hmac-sha2-256', 'hmac-sha2-512', 'hmac-sha1'] server mac:['umac-64-etm@openssh.com', 'umac-128-etm@openssh.com', 'hmac-sha2-256-etm@openssh.com', 'hmac-sha2-512-etm@openssh.com', 'hmac-sha1-etm@openssh.com', 'umac-64@openssh.com', 'umac-128@openssh.com', 'hmac-sha2-256', 'hmac-sha2-512', 'hmac-sha1'] client compress:['none', 'zlib@openssh.com'] server compress:['none', 'zlib@openssh.com'] client lang:[''] server lang:[''] kex follows?False
DEB [20180111-20:31:52.350] thr=4   paramiko.transport: Kex agreed: ecdh-sha2-nistp256
DEB [20180111-20:31:52.350] thr=4   paramiko.transport: HostKey agreed: ssh-ed25519
DEB [20180111-20:31:52.350] thr=4   paramiko.transport: Cipher agreed: aes128-ctr
DEB [20180111-20:31:52.350] thr=4   paramiko.transport: MAC agreed: hmac-sha2-256
DEB [20180111-20:31:52.350] thr=4   paramiko.transport: Compression agreed: none
DEB [20180111-20:31:52.370] thr=4   paramiko.transport: kex engine KexNistp256 specified hash_algo <built-in function openssl_sha256>
DEB [20180111-20:31:52.370] thr=4   paramiko.transport: Switch to new keys ...
DEB [20180111-20:31:52.370] thr=2   paramiko.transport: Attempting public-key auth...
DEB [20180111-20:31:52.450] thr=4   paramiko.transport: userauth is OK
INF [20180111-20:31:52.491] thr=4   paramiko.transport: Authentication (publickey) successful!
DEB [20180111-20:31:52.492] thr=2   paramiko.transport: [chan 0] Max packet in: 32768 bytes
DEB [20180111-20:31:52.588] thr=4   paramiko.transport: Received global request "hostkeys-00@openssh.com"
DEB [20180111-20:31:52.589] thr=4   paramiko.transport: Rejecting "hostkeys-00@openssh.com" global request from server.
DEB [20180111-20:31:52.647] thr=4   paramiko.transport: [chan 0] Max packet out: 32768 bytes
DEB [20180111-20:31:52.647] thr=4   paramiko.transport: Secsh channel 0 opened.
DEB [20180111-20:31:52.668] thr=4   paramiko.transport: [chan 0] Sesch channel 0 request ok
INF [20180111-20:31:52.686] thr=2   paramiko.transport.sftp: [chan 0] Opened sftp connection (server version 3)
DEB [20180111-20:31:52.687] thr=2   paramiko.transport.sftp: [chan 0] open(b'/home/wso2cep/wso2das-3.1.0/repository/deployment/server/eventstreams/97bc71a52253423988f09eef92ad1391-0.json', 'wb')
DEB [20180111-20:31:52.704] thr=2   paramiko.transport.sftp: [chan 0] open(b'/home/wso2cep/wso2das-3.1.0/repository/deployment/server/eventstreams/97bc71a52253423988f09eef92ad1391-0.json', 'wb') -> 00000000
DEB [20180111-20:31:52.705] thr=2   paramiko.transport.sftp: [chan 0] close(00000000)
DEB [20180111-20:31:52.740] thr=2   paramiko.transport.sftp: [chan 0] stat(b'/home/wso2cep/wso2das-3.1.0/repository/deployment/server/eventstreams/97bc71a52253423988f09eef92ad1391-0.json')
DEB [20180111-20:31:52.759] thr=4   paramiko.transport: EOF in transport thread
DEB [20180111-20:31:52.783] thr=5   paramiko.transport: starting thread (client mode): 0x60f44b0
DEB [20180111-20:31:52.784] thr=5   paramiko.transport: Local version/idstring: SSH-2.0-paramiko_2.4.0
DEB [20180111-20:31:52.807] thr=5   paramiko.transport: Remote version/idstring: SSH-2.0-OpenSSH_7.2p2 Ubuntu-4ubuntu2.2
INF [20180111-20:31:52.807] thr=5   paramiko.transport: Connected (version 2.0, client OpenSSH_7.2p2)
DEB [20180111-20:31:52.826] thr=5   paramiko.transport: kex algos:['curve25519-sha256@libssh.org', 'ecdh-sha2-nistp256', 'ecdh-sha2-nistp384', 'ecdh-sha2-nistp521', 'diffie-hellman-group-exchange-sha256', 'diffie-hellman-group14-sha1'] server key:['ssh-rsa', 'rsa-sha2-512', 'rsa-sha2-256', 'ecdsa-sha2-nistp256', 'ssh-ed25519'] client encrypt:['chacha20-poly1305@openssh.com', 'aes128-ctr', 'aes192-ctr', 'aes256-ctr', 'aes128-gcm@openssh.com', 'aes256-gcm@openssh.com'] server encrypt:['chacha20-poly1305@openssh.com', 'aes128-ctr', 'aes192-ctr', 'aes256-ctr', 'aes128-gcm@openssh.com', 'aes256-gcm@openssh.com'] client mac:['umac-64-etm@openssh.com', 'umac-128-etm@openssh.com', 'hmac-sha2-256-etm@openssh.com', 'hmac-sha2-512-etm@openssh.com', 'hmac-sha1-etm@openssh.com', 'umac-64@openssh.com', 'umac-128@openssh.com', 'hmac-sha2-256', 'hmac-sha2-512', 'hmac-sha1'] server mac:['umac-64-etm@openssh.com', 'umac-128-etm@openssh.com', 'hmac-sha2-256-etm@openssh.com', 'hmac-sha2-512-etm@openssh.com', 'hmac-sha1-etm@openssh.com', 'umac-64@openssh.com', 'umac-128@openssh.com', 'hmac-sha2-256', 'hmac-sha2-512', 'hmac-sha1'] client compress:['none', 'zlib@openssh.com'] server compress:['none', 'zlib@openssh.com'] client lang:[''] server lang:[''] kex follows?False
DEB [20180111-20:31:52.827] thr=5   paramiko.transport: Kex agreed: ecdh-sha2-nistp256
DEB [20180111-20:31:52.827] thr=5   paramiko.transport: HostKey agreed: ssh-ed25519
DEB [20180111-20:31:52.827] thr=5   paramiko.transport: Cipher agreed: aes128-ctr
DEB [20180111-20:31:52.827] thr=5   paramiko.transport: MAC agreed: hmac-sha2-256
DEB [20180111-20:31:52.827] thr=5   paramiko.transport: Compression agreed: none
DEB [20180111-20:31:52.849] thr=5   paramiko.transport: kex engine KexNistp256 specified hash_algo <built-in function openssl_sha256>
DEB [20180111-20:31:52.849] thr=5   paramiko.transport: Switch to new keys ...
DEB [20180111-20:31:52.849] thr=2   paramiko.transport: Attempting public-key auth...
DEB [20180111-20:31:52.924] thr=5   paramiko.transport: userauth is OK
INF [20180111-20:31:52.968] thr=5   paramiko.transport: Authentication (publickey) successful!
DEB [20180111-20:31:52.968] thr=2   paramiko.transport: [chan 0] Max packet in: 32768 bytes
DEB [20180111-20:31:53.070] thr=5   paramiko.transport: Received global request "hostkeys-00@openssh.com"
DEB [20180111-20:31:53.070] thr=5   paramiko.transport: Rejecting "hostkeys-00@openssh.com" global request from server.
DEB [20180111-20:31:53.131] thr=5   paramiko.transport: [chan 0] Max packet out: 32768 bytes
DEB [20180111-20:31:53.131] thr=5   paramiko.transport: Secsh channel 0 opened.
DEB [20180111-20:31:53.151] thr=5   paramiko.transport: [chan 0] Sesch channel 0 request ok
INF [20180111-20:31:53.175] thr=2   paramiko.transport.sftp: [chan 0] Opened sftp connection (server version 3)
DEB [20180111-20:31:53.175] thr=2   paramiko.transport.sftp: [chan 0] open(b'/home/wso2cep/wso2das-3.1.0/repository/deployment/server/eventstreams/97bc71a52253423988f09eef92ad1391-1.json', 'wb')
DEB [20180111-20:31:53.195] thr=2   paramiko.transport.sftp: [chan 0] open(b'/home/wso2cep/wso2das-3.1.0/repository/deployment/server/eventstreams/97bc71a52253423988f09eef92ad1391-1.json', 'wb') -> 00000000
DEB [20180111-20:31:53.196] thr=2   paramiko.transport.sftp: [chan 0] close(00000000)
DEB [20180111-20:31:53.231] thr=2   paramiko.transport.sftp: [chan 0] stat(b'/home/wso2cep/wso2das-3.1.0/repository/deployment/server/eventstreams/97bc71a52253423988f09eef92ad1391-1.json')
DEB [20180111-20:31:53.261] thr=5   paramiko.transport: EOF in transport thread
DEB [20180111-20:31:53.285] thr=6   paramiko.transport: starting thread (client mode): 0x62845f0
DEB [20180111-20:31:53.285] thr=6   paramiko.transport: Local version/idstring: SSH-2.0-paramiko_2.4.0
DEB [20180111-20:31:53.309] thr=6   paramiko.transport: Remote version/idstring: SSH-2.0-OpenSSH_7.2p2 Ubuntu-4ubuntu2.2
INF [20180111-20:31:53.309] thr=6   paramiko.transport: Connected (version 2.0, client OpenSSH_7.2p2)
DEB [20180111-20:31:53.329] thr=6   paramiko.transport: kex algos:['curve25519-sha256@libssh.org', 'ecdh-sha2-nistp256', 'ecdh-sha2-nistp384', 'ecdh-sha2-nistp521', 'diffie-hellman-group-exchange-sha256', 'diffie-hellman-group14-sha1'] server key:['ssh-rsa', 'rsa-sha2-512', 'rsa-sha2-256', 'ecdsa-sha2-nistp256', 'ssh-ed25519'] client encrypt:['chacha20-poly1305@openssh.com', 'aes128-ctr', 'aes192-ctr', 'aes256-ctr', 'aes128-gcm@openssh.com', 'aes256-gcm@openssh.com'] server encrypt:['chacha20-poly1305@openssh.com', 'aes128-ctr', 'aes192-ctr', 'aes256-ctr', 'aes128-gcm@openssh.com', 'aes256-gcm@openssh.com'] client mac:['umac-64-etm@openssh.com', 'umac-128-etm@openssh.com', 'hmac-sha2-256-etm@openssh.com', 'hmac-sha2-512-etm@openssh.com', 'hmac-sha1-etm@openssh.com', 'umac-64@openssh.com', 'umac-128@openssh.com', 'hmac-sha2-256', 'hmac-sha2-512', 'hmac-sha1'] server mac:['umac-64-etm@openssh.com', 'umac-128-etm@openssh.com', 'hmac-sha2-256-etm@openssh.com', 'hmac-sha2-512-etm@openssh.com', 'hmac-sha1-etm@openssh.com', 'umac-64@openssh.com', 'umac-128@openssh.com', 'hmac-sha2-256', 'hmac-sha2-512', 'hmac-sha1'] client compress:['none', 'zlib@openssh.com'] server compress:['none', 'zlib@openssh.com'] client lang:[''] server lang:[''] kex follows?False
DEB [20180111-20:31:53.329] thr=6   paramiko.transport: Kex agreed: ecdh-sha2-nistp256
DEB [20180111-20:31:53.329] thr=6   paramiko.transport: HostKey agreed: ssh-ed25519
DEB [20180111-20:31:53.329] thr=6   paramiko.transport: Cipher agreed: aes128-ctr
DEB [20180111-20:31:53.329] thr=6   paramiko.transport: MAC agreed: hmac-sha2-256
DEB [20180111-20:31:53.329] thr=6   paramiko.transport: Compression agreed: none
DEB [20180111-20:31:53.354] thr=6   paramiko.transport: kex engine KexNistp256 specified hash_algo <built-in function openssl_sha256>
DEB [20180111-20:31:53.355] thr=6   paramiko.transport: Switch to new keys ...
DEB [20180111-20:31:53.355] thr=2   paramiko.transport: Attempting public-key auth...
DEB [20180111-20:31:53.426] thr=6   paramiko.transport: userauth is OK
INF [20180111-20:31:53.468] thr=6   paramiko.transport: Authentication (publickey) successful!
DEB [20180111-20:31:53.469] thr=2   paramiko.transport: [chan 0] Max packet in: 32768 bytes
DEB [20180111-20:31:53.567] thr=6   paramiko.transport: Received global request "hostkeys-00@openssh.com"
DEB [20180111-20:31:53.567] thr=6   paramiko.transport: Rejecting "hostkeys-00@openssh.com" global request from server.
DEB [20180111-20:31:53.631] thr=6   paramiko.transport: [chan 0] Max packet out: 32768 bytes
DEB [20180111-20:31:53.631] thr=6   paramiko.transport: Secsh channel 0 opened.
DEB [20180111-20:31:53.653] thr=6   paramiko.transport: [chan 0] Sesch channel 0 request ok
INF [20180111-20:31:53.673] thr=2   paramiko.transport.sftp: [chan 0] Opened sftp connection (server version 3)
DEB [20180111-20:31:53.673] thr=2   paramiko.transport.sftp: [chan 0] open(b'/home/wso2cep/wso2das-3.1.0/repository/deployment/server/eventreceivers/97bc71a52253423988f09eef92ad1391-2.xml', 'wb')
DEB [20180111-20:31:53.693] thr=2   paramiko.transport.sftp: [chan 0] open(b'/home/wso2cep/wso2das-3.1.0/repository/deployment/server/eventreceivers/97bc71a52253423988f09eef92ad1391-2.xml', 'wb') -> 00000000
DEB [20180111-20:31:53.694] thr=2   paramiko.transport.sftp: [chan 0] close(00000000)
DEB [20180111-20:31:53.729] thr=2   paramiko.transport.sftp: [chan 0] stat(b'/home/wso2cep/wso2das-3.1.0/repository/deployment/server/eventreceivers/97bc71a52253423988f09eef92ad1391-2.xml')
DEB [20180111-20:31:53.747] thr=6   paramiko.transport: EOF in transport thread
DEB [20180111-20:31:53.772] thr=7   paramiko.transport: starting thread (client mode): 0x625ecf0
DEB [20180111-20:31:53.773] thr=7   paramiko.transport: Local version/idstring: SSH-2.0-paramiko_2.4.0
DEB [20180111-20:31:53.795] thr=7   paramiko.transport: Remote version/idstring: SSH-2.0-OpenSSH_7.2p2 Ubuntu-4ubuntu2.2
INF [20180111-20:31:53.795] thr=7   paramiko.transport: Connected (version 2.0, client OpenSSH_7.2p2)
DEB [20180111-20:31:53.815] thr=7   paramiko.transport: kex algos:['curve25519-sha256@libssh.org', 'ecdh-sha2-nistp256', 'ecdh-sha2-nistp384', 'ecdh-sha2-nistp521', 'diffie-hellman-group-exchange-sha256', 'diffie-hellman-group14-sha1'] server key:['ssh-rsa', 'rsa-sha2-512', 'rsa-sha2-256', 'ecdsa-sha2-nistp256', 'ssh-ed25519'] client encrypt:['chacha20-poly1305@openssh.com', 'aes128-ctr', 'aes192-ctr', 'aes256-ctr', 'aes128-gcm@openssh.com', 'aes256-gcm@openssh.com'] server encrypt:['chacha20-poly1305@openssh.com', 'aes128-ctr', 'aes192-ctr', 'aes256-ctr', 'aes128-gcm@openssh.com', 'aes256-gcm@openssh.com'] client mac:['umac-64-etm@openssh.com', 'umac-128-etm@openssh.com', 'hmac-sha2-256-etm@openssh.com', 'hmac-sha2-512-etm@openssh.com', 'hmac-sha1-etm@openssh.com', 'umac-64@openssh.com', 'umac-128@openssh.com', 'hmac-sha2-256', 'hmac-sha2-512', 'hmac-sha1'] server mac:['umac-64-etm@openssh.com', 'umac-128-etm@openssh.com', 'hmac-sha2-256-etm@openssh.com', 'hmac-sha2-512-etm@openssh.com', 'hmac-sha1-etm@openssh.com', 'umac-64@openssh.com', 'umac-128@openssh.com', 'hmac-sha2-256', 'hmac-sha2-512', 'hmac-sha1'] client compress:['none', 'zlib@openssh.com'] server compress:['none', 'zlib@openssh.com'] client lang:[''] server lang:[''] kex follows?False
DEB [20180111-20:31:53.815] thr=7   paramiko.transport: Kex agreed: ecdh-sha2-nistp256
DEB [20180111-20:31:53.815] thr=7   paramiko.transport: HostKey agreed: ssh-ed25519
DEB [20180111-20:31:53.815] thr=7   paramiko.transport: Cipher agreed: aes128-ctr
DEB [20180111-20:31:53.815] thr=7   paramiko.transport: MAC agreed: hmac-sha2-256
DEB [20180111-20:31:53.816] thr=7   paramiko.transport: Compression agreed: none
DEB [20180111-20:31:53.838] thr=7   paramiko.transport: kex engine KexNistp256 specified hash_algo <built-in function openssl_sha256>
DEB [20180111-20:31:53.838] thr=7   paramiko.transport: Switch to new keys ...
DEB [20180111-20:31:53.839] thr=2   paramiko.transport: Attempting public-key auth...
DEB [20180111-20:31:53.913] thr=7   paramiko.transport: userauth is OK
INF [20180111-20:31:53.956] thr=7   paramiko.transport: Authentication (publickey) successful!
DEB [20180111-20:31:53.956] thr=2   paramiko.transport: [chan 0] Max packet in: 32768 bytes
DEB [20180111-20:31:54.066] thr=7   paramiko.transport: Received global request "hostkeys-00@openssh.com"
DEB [20180111-20:31:54.066] thr=7   paramiko.transport: Rejecting "hostkeys-00@openssh.com" global request from server.
DEB [20180111-20:31:54.124] thr=7   paramiko.transport: [chan 0] Max packet out: 32768 bytes
DEB [20180111-20:31:54.125] thr=7   paramiko.transport: Secsh channel 0 opened.
DEB [20180111-20:31:54.142] thr=7   paramiko.transport: [chan 0] Sesch channel 0 request ok
INF [20180111-20:31:54.161] thr=2   paramiko.transport.sftp: [chan 0] Opened sftp connection (server version 3)
DEB [20180111-20:31:54.161] thr=2   paramiko.transport.sftp: [chan 0] open(b'/home/wso2cep/wso2das-3.1.0/repository/deployment/server/executionplans/97bc71a52253423988f09eef92ad1391-3.siddhiql', 'wb')
DEB [20180111-20:31:54.181] thr=2   paramiko.transport.sftp: [chan 0] open(b'/home/wso2cep/wso2das-3.1.0/repository/deployment/server/executionplans/97bc71a52253423988f09eef92ad1391-3.siddhiql', 'wb') -> 00000000
DEB [20180111-20:31:54.181] thr=2   paramiko.transport.sftp: [chan 0] close(00000000)
DEB [20180111-20:31:54.223] thr=2   paramiko.transport.sftp: [chan 0] stat(b'/home/wso2cep/wso2das-3.1.0/repository/deployment/server/executionplans/97bc71a52253423988f09eef92ad1391-3.siddhiql')
DEB [20180111-20:31:54.241] thr=7   paramiko.transport: EOF in transport thread
DEB [20180111-20:44:12.936] thr=1   paramiko.transport: starting thread (client mode): 0x62fdc90
DEB [20180111-20:44:12.936] thr=1   paramiko.transport: Local version/idstring: SSH-2.0-paramiko_2.4.0
DEB [20180111-20:44:12.962] thr=1   paramiko.transport: Remote version/idstring: SSH-2.0-OpenSSH_7.2p2 Ubuntu-4ubuntu2.2
INF [20180111-20:44:12.962] thr=1   paramiko.transport: Connected (version 2.0, client OpenSSH_7.2p2)
DEB [20180111-20:44:12.980] thr=1   paramiko.transport: kex algos:['curve25519-sha256@libssh.org', 'ecdh-sha2-nistp256', 'ecdh-sha2-nistp384', 'ecdh-sha2-nistp521', 'diffie-hellman-group-exchange-sha256', 'diffie-hellman-group14-sha1'] server key:['ssh-rsa', 'rsa-sha2-512', 'rsa-sha2-256', 'ecdsa-sha2-nistp256', 'ssh-ed25519'] client encrypt:['chacha20-poly1305@openssh.com', 'aes128-ctr', 'aes192-ctr', 'aes256-ctr', 'aes128-gcm@openssh.com', 'aes256-gcm@openssh.com'] server encrypt:['chacha20-poly1305@openssh.com', 'aes128-ctr', 'aes192-ctr', 'aes256-ctr', 'aes128-gcm@openssh.com', 'aes256-gcm@openssh.com'] client mac:['umac-64-etm@openssh.com', 'umac-128-etm@openssh.com', 'hmac-sha2-256-etm@openssh.com', 'hmac-sha2-512-etm@openssh.com', 'hmac-sha1-etm@openssh.com', 'umac-64@openssh.com', 'umac-128@openssh.com', 'hmac-sha2-256', 'hmac-sha2-512', 'hmac-sha1'] server mac:['umac-64-etm@openssh.com', 'umac-128-etm@openssh.com', 'hmac-sha2-256-etm@openssh.com', 'hmac-sha2-512-etm@openssh.com', 'hmac-sha1-etm@openssh.com', 'umac-64@openssh.com', 'umac-128@openssh.com', 'hmac-sha2-256', 'hmac-sha2-512', 'hmac-sha1'] client compress:['none', 'zlib@openssh.com'] server compress:['none', 'zlib@openssh.com'] client lang:[''] server lang:[''] kex follows?False
DEB [20180111-20:44:12.980] thr=1   paramiko.transport: Kex agreed: ecdh-sha2-nistp256
DEB [20180111-20:44:12.980] thr=1   paramiko.transport: HostKey agreed: ssh-ed25519
DEB [20180111-20:44:12.980] thr=1   paramiko.transport: Cipher agreed: aes128-ctr
DEB [20180111-20:44:12.980] thr=1   paramiko.transport: MAC agreed: hmac-sha2-256
DEB [20180111-20:44:12.980] thr=1   paramiko.transport: Compression agreed: none
DEB [20180111-20:44:13.006] thr=1   paramiko.transport: kex engine KexNistp256 specified hash_algo <built-in function openssl_sha256>
DEB [20180111-20:44:13.006] thr=1   paramiko.transport: Switch to new keys ...
DEB [20180111-20:44:13.007] thr=2   paramiko.transport: Attempting public-key auth...
DEB [20180111-20:44:13.095] thr=1   paramiko.transport: userauth is OK
INF [20180111-20:44:13.154] thr=1   paramiko.transport: Authentication (publickey) successful!
DEB [20180111-20:44:13.154] thr=2   paramiko.transport: [chan 0] Max packet in: 32768 bytes
DEB [20180111-20:44:13.311] thr=1   paramiko.transport: Received global request "hostkeys-00@openssh.com"
DEB [20180111-20:44:13.311] thr=1   paramiko.transport: Rejecting "hostkeys-00@openssh.com" global request from server.
DEB [20180111-20:44:13.370] thr=1   paramiko.transport: [chan 0] Max packet out: 32768 bytes
DEB [20180111-20:44:13.370] thr=1   paramiko.transport: Secsh channel 0 opened.
DEB [20180111-20:44:13.387] thr=1   paramiko.transport: [chan 0] Sesch channel 0 request ok
INF [20180111-20:44:13.406] thr=2   paramiko.transport.sftp: [chan 0] Opened sftp connection (server version 3)
DEB [20180111-20:44:13.406] thr=2   paramiko.transport.sftp: [chan 0] open(b'/home/wso2cep/wso2das-3.1.0/repository/deployment/server/eventstreams/geosmart.remote.test_1.0.0.json', 'wb')
DEB [20180111-20:44:13.425] thr=2   paramiko.transport.sftp: [chan 0] open(b'/home/wso2cep/wso2das-3.1.0/repository/deployment/server/eventstreams/geosmart.remote.test_1.0.0.json', 'wb') -> 00000000
DEB [20180111-20:44:13.425] thr=2   paramiko.transport.sftp: [chan 0] close(00000000)
DEB [20180111-20:44:13.463] thr=2   paramiko.transport.sftp: [chan 0] stat(b'/home/wso2cep/wso2das-3.1.0/repository/deployment/server/eventstreams/geosmart.remote.test_1.0.0.json')
DEB [20180111-20:44:13.484] thr=1   paramiko.transport: EOF in transport thread
DEB [20180111-20:44:13.509] thr=3   paramiko.transport: starting thread (client mode): 0x62e8f70
DEB [20180111-20:44:13.509] thr=3   paramiko.transport: Local version/idstring: SSH-2.0-paramiko_2.4.0
DEB [20180111-20:44:13.543] thr=3   paramiko.transport: Remote version/idstring: SSH-2.0-OpenSSH_7.2p2 Ubuntu-4ubuntu2.2
INF [20180111-20:44:13.543] thr=3   paramiko.transport: Connected (version 2.0, client OpenSSH_7.2p2)
DEB [20180111-20:44:13.562] thr=3   paramiko.transport: kex algos:['curve25519-sha256@libssh.org', 'ecdh-sha2-nistp256', 'ecdh-sha2-nistp384', 'ecdh-sha2-nistp521', 'diffie-hellman-group-exchange-sha256', 'diffie-hellman-group14-sha1'] server key:['ssh-rsa', 'rsa-sha2-512', 'rsa-sha2-256', 'ecdsa-sha2-nistp256', 'ssh-ed25519'] client encrypt:['chacha20-poly1305@openssh.com', 'aes128-ctr', 'aes192-ctr', 'aes256-ctr', 'aes128-gcm@openssh.com', 'aes256-gcm@openssh.com'] server encrypt:['chacha20-poly1305@openssh.com', 'aes128-ctr', 'aes192-ctr', 'aes256-ctr', 'aes128-gcm@openssh.com', 'aes256-gcm@openssh.com'] client mac:['umac-64-etm@openssh.com', 'umac-128-etm@openssh.com', 'hmac-sha2-256-etm@openssh.com', 'hmac-sha2-512-etm@openssh.com', 'hmac-sha1-etm@openssh.com', 'umac-64@openssh.com', 'umac-128@openssh.com', 'hmac-sha2-256', 'hmac-sha2-512', 'hmac-sha1'] server mac:['umac-64-etm@openssh.com', 'umac-128-etm@openssh.com', 'hmac-sha2-256-etm@openssh.com', 'hmac-sha2-512-etm@openssh.com', 'hmac-sha1-etm@openssh.com', 'umac-64@openssh.com', 'umac-128@openssh.com', 'hmac-sha2-256', 'hmac-sha2-512', 'hmac-sha1'] client compress:['none', 'zlib@openssh.com'] server compress:['none', 'zlib@openssh.com'] client lang:[''] server lang:[''] kex follows?False
DEB [20180111-20:44:13.562] thr=3   paramiko.transport: Kex agreed: ecdh-sha2-nistp256
DEB [20180111-20:44:13.562] thr=3   paramiko.transport: HostKey agreed: ssh-ed25519
DEB [20180111-20:44:13.562] thr=3   paramiko.transport: Cipher agreed: aes128-ctr
DEB [20180111-20:44:13.562] thr=3   paramiko.transport: MAC agreed: hmac-sha2-256
DEB [20180111-20:44:13.563] thr=3   paramiko.transport: Compression agreed: none
DEB [20180111-20:44:13.587] thr=3   paramiko.transport: kex engine KexNistp256 specified hash_algo <built-in function openssl_sha256>
DEB [20180111-20:44:13.587] thr=3   paramiko.transport: Switch to new keys ...
DEB [20180111-20:44:13.588] thr=2   paramiko.transport: Attempting public-key auth...
DEB [20180111-20:44:13.662] thr=3   paramiko.transport: userauth is OK
INF [20180111-20:44:13.706] thr=3   paramiko.transport: Authentication (publickey) successful!
DEB [20180111-20:44:13.707] thr=2   paramiko.transport: [chan 0] Max packet in: 32768 bytes
DEB [20180111-20:44:13.814] thr=3   paramiko.transport: Received global request "hostkeys-00@openssh.com"
DEB [20180111-20:44:13.814] thr=3   paramiko.transport: Rejecting "hostkeys-00@openssh.com" global request from server.
DEB [20180111-20:44:13.872] thr=3   paramiko.transport: [chan 0] Max packet out: 32768 bytes
DEB [20180111-20:44:13.872] thr=3   paramiko.transport: Secsh channel 0 opened.
DEB [20180111-20:44:13.890] thr=3   paramiko.transport: [chan 0] Sesch channel 0 request ok
INF [20180111-20:44:13.909] thr=2   paramiko.transport.sftp: [chan 0] Opened sftp connection (server version 3)
DEB [20180111-20:44:13.909] thr=2   paramiko.transport.sftp: [chan 0] remove(b'/home/wso2cep/wso2das-3.1.0/repository/deployment/server/eventstreams/geosmart.remote.test_1.0.0.json')
DEB [20180111-20:44:13.928] thr=3   paramiko.transport: EOF in transport thread
DEB [20180111-20:44:13.955] thr=4   paramiko.transport: starting thread (client mode): 0x6544770
DEB [20180111-20:44:13.956] thr=4   paramiko.transport: Local version/idstring: SSH-2.0-paramiko_2.4.0
DEB [20180111-20:44:13.978] thr=4   paramiko.transport: Remote version/idstring: SSH-2.0-OpenSSH_7.2p2 Ubuntu-4ubuntu2.2
INF [20180111-20:44:13.978] thr=4   paramiko.transport: Connected (version 2.0, client OpenSSH_7.2p2)
DEB [20180111-20:44:14.005] thr=4   paramiko.transport: kex algos:['curve25519-sha256@libssh.org', 'ecdh-sha2-nistp256', 'ecdh-sha2-nistp384', 'ecdh-sha2-nistp521', 'diffie-hellman-group-exchange-sha256', 'diffie-hellman-group14-sha1'] server key:['ssh-rsa', 'rsa-sha2-512', 'rsa-sha2-256', 'ecdsa-sha2-nistp256', 'ssh-ed25519'] client encrypt:['chacha20-poly1305@openssh.com', 'aes128-ctr', 'aes192-ctr', 'aes256-ctr', 'aes128-gcm@openssh.com', 'aes256-gcm@openssh.com'] server encrypt:['chacha20-poly1305@openssh.com', 'aes128-ctr', 'aes192-ctr', 'aes256-ctr', 'aes128-gcm@openssh.com', 'aes256-gcm@openssh.com'] client mac:['umac-64-etm@openssh.com', 'umac-128-etm@openssh.com', 'hmac-sha2-256-etm@openssh.com', 'hmac-sha2-512-etm@openssh.com', 'hmac-sha1-etm@openssh.com', 'umac-64@openssh.com', 'umac-128@openssh.com', 'hmac-sha2-256', 'hmac-sha2-512', 'hmac-sha1'] server mac:['umac-64-etm@openssh.com', 'umac-128-etm@openssh.com', 'hmac-sha2-256-etm@openssh.com', 'hmac-sha2-512-etm@openssh.com', 'hmac-sha1-etm@openssh.com', 'umac-64@openssh.com', 'umac-128@openssh.com', 'hmac-sha2-256', 'hmac-sha2-512', 'hmac-sha1'] client compress:['none', 'zlib@openssh.com'] server compress:['none', 'zlib@openssh.com'] client lang:[''] server lang:[''] kex follows?False
DEB [20180111-20:44:14.005] thr=4   paramiko.transport: Kex agreed: ecdh-sha2-nistp256
DEB [20180111-20:44:14.005] thr=4   paramiko.transport: HostKey agreed: ssh-ed25519
DEB [20180111-20:44:14.005] thr=4   paramiko.transport: Cipher agreed: aes128-ctr
DEB [20180111-20:44:14.005] thr=4   paramiko.transport: MAC agreed: hmac-sha2-256
DEB [20180111-20:44:14.005] thr=4   paramiko.transport: Compression agreed: none
DEB [20180111-20:44:14.029] thr=4   paramiko.transport: kex engine KexNistp256 specified hash_algo <built-in function openssl_sha256>
DEB [20180111-20:44:14.030] thr=4   paramiko.transport: Switch to new keys ...
DEB [20180111-20:44:14.030] thr=2   paramiko.transport: Attempting public-key auth...
DEB [20180111-20:44:14.105] thr=4   paramiko.transport: userauth is OK
INF [20180111-20:44:14.156] thr=4   paramiko.transport: Authentication (publickey) successful!
DEB [20180111-20:44:14.156] thr=2   paramiko.transport: [chan 0] Max packet in: 32768 bytes
DEB [20180111-20:44:14.259] thr=4   paramiko.transport: Received global request "hostkeys-00@openssh.com"
DEB [20180111-20:44:14.260] thr=4   paramiko.transport: Rejecting "hostkeys-00@openssh.com" global request from server.
DEB [20180111-20:44:14.322] thr=4   paramiko.transport: [chan 0] Max packet out: 32768 bytes
DEB [20180111-20:44:14.322] thr=4   paramiko.transport: Secsh channel 0 opened.
DEB [20180111-20:44:14.340] thr=4   paramiko.transport: [chan 0] Sesch channel 0 request ok
INF [20180111-20:44:14.357] thr=2   paramiko.transport.sftp: [chan 0] Opened sftp connection (server version 3)
DEB [20180111-20:44:14.357] thr=2   paramiko.transport.sftp: [chan 0] open(b'/home/wso2cep/wso2das-3.1.0/repository/deployment/server/eventstreams/431a46ddebe44237b0e44fa4aee8ee0a-0.json', 'wb')
DEB [20180111-20:44:14.377] thr=2   paramiko.transport.sftp: [chan 0] open(b'/home/wso2cep/wso2das-3.1.0/repository/deployment/server/eventstreams/431a46ddebe44237b0e44fa4aee8ee0a-0.json', 'wb') -> 00000000
DEB [20180111-20:44:14.377] thr=2   paramiko.transport.sftp: [chan 0] close(00000000)
DEB [20180111-20:44:14.413] thr=2   paramiko.transport.sftp: [chan 0] stat(b'/home/wso2cep/wso2das-3.1.0/repository/deployment/server/eventstreams/431a46ddebe44237b0e44fa4aee8ee0a-0.json')
DEB [20180111-20:44:14.433] thr=4   paramiko.transport: EOF in transport thread
DEB [20180111-20:44:14.457] thr=5   paramiko.transport: starting thread (client mode): 0x6544670
DEB [20180111-20:44:14.457] thr=5   paramiko.transport: Local version/idstring: SSH-2.0-paramiko_2.4.0
DEB [20180111-20:44:14.481] thr=5   paramiko.transport: Remote version/idstring: SSH-2.0-OpenSSH_7.2p2 Ubuntu-4ubuntu2.2
INF [20180111-20:44:14.481] thr=5   paramiko.transport: Connected (version 2.0, client OpenSSH_7.2p2)
DEB [20180111-20:44:14.515] thr=5   paramiko.transport: kex algos:['curve25519-sha256@libssh.org', 'ecdh-sha2-nistp256', 'ecdh-sha2-nistp384', 'ecdh-sha2-nistp521', 'diffie-hellman-group-exchange-sha256', 'diffie-hellman-group14-sha1'] server key:['ssh-rsa', 'rsa-sha2-512', 'rsa-sha2-256', 'ecdsa-sha2-nistp256', 'ssh-ed25519'] client encrypt:['chacha20-poly1305@openssh.com', 'aes128-ctr', 'aes192-ctr', 'aes256-ctr', 'aes128-gcm@openssh.com', 'aes256-gcm@openssh.com'] server encrypt:['chacha20-poly1305@openssh.com', 'aes128-ctr', 'aes192-ctr', 'aes256-ctr', 'aes128-gcm@openssh.com', 'aes256-gcm@openssh.com'] client mac:['umac-64-etm@openssh.com', 'umac-128-etm@openssh.com', 'hmac-sha2-256-etm@openssh.com', 'hmac-sha2-512-etm@openssh.com', 'hmac-sha1-etm@openssh.com', 'umac-64@openssh.com', 'umac-128@openssh.com', 'hmac-sha2-256', 'hmac-sha2-512', 'hmac-sha1'] server mac:['umac-64-etm@openssh.com', 'umac-128-etm@openssh.com', 'hmac-sha2-256-etm@openssh.com', 'hmac-sha2-512-etm@openssh.com', 'hmac-sha1-etm@openssh.com', 'umac-64@openssh.com', 'umac-128@openssh.com', 'hmac-sha2-256', 'hmac-sha2-512', 'hmac-sha1'] client compress:['none', 'zlib@openssh.com'] server compress:['none', 'zlib@openssh.com'] client lang:[''] server lang:[''] kex follows?False
DEB [20180111-20:44:14.515] thr=5   paramiko.transport: Kex agreed: ecdh-sha2-nistp256
DEB [20180111-20:44:14.515] thr=5   paramiko.transport: HostKey agreed: ssh-ed25519
DEB [20180111-20:44:14.515] thr=5   paramiko.transport: Cipher agreed: aes128-ctr
DEB [20180111-20:44:14.515] thr=5   paramiko.transport: MAC agreed: hmac-sha2-256
DEB [20180111-20:44:14.515] thr=5   paramiko.transport: Compression agreed: none
DEB [20180111-20:44:14.539] thr=5   paramiko.transport: kex engine KexNistp256 specified hash_algo <built-in function openssl_sha256>
DEB [20180111-20:44:14.539] thr=5   paramiko.transport: Switch to new keys ...
DEB [20180111-20:44:14.539] thr=2   paramiko.transport: Attempting public-key auth...
DEB [20180111-20:44:14.617] thr=5   paramiko.transport: userauth is OK
INF [20180111-20:44:14.662] thr=5   paramiko.transport: Authentication (publickey) successful!
DEB [20180111-20:44:14.663] thr=2   paramiko.transport: [chan 0] Max packet in: 32768 bytes
DEB [20180111-20:44:14.762] thr=5   paramiko.transport: Received global request "hostkeys-00@openssh.com"
DEB [20180111-20:44:14.762] thr=5   paramiko.transport: Rejecting "hostkeys-00@openssh.com" global request from server.
DEB [20180111-20:44:14.830] thr=5   paramiko.transport: [chan 0] Max packet out: 32768 bytes
DEB [20180111-20:44:14.830] thr=5   paramiko.transport: Secsh channel 0 opened.
DEB [20180111-20:44:14.848] thr=5   paramiko.transport: [chan 0] Sesch channel 0 request ok
INF [20180111-20:44:14.866] thr=2   paramiko.transport.sftp: [chan 0] Opened sftp connection (server version 3)
DEB [20180111-20:44:14.867] thr=2   paramiko.transport.sftp: [chan 0] open(b'/home/wso2cep/wso2das-3.1.0/repository/deployment/server/eventstreams/431a46ddebe44237b0e44fa4aee8ee0a-1.json', 'wb')
DEB [20180111-20:44:14.896] thr=2   paramiko.transport.sftp: [chan 0] open(b'/home/wso2cep/wso2das-3.1.0/repository/deployment/server/eventstreams/431a46ddebe44237b0e44fa4aee8ee0a-1.json', 'wb') -> 00000000
DEB [20180111-20:44:14.897] thr=2   paramiko.transport.sftp: [chan 0] close(00000000)
DEB [20180111-20:44:14.932] thr=2   paramiko.transport.sftp: [chan 0] stat(b'/home/wso2cep/wso2das-3.1.0/repository/deployment/server/eventstreams/431a46ddebe44237b0e44fa4aee8ee0a-1.json')
DEB [20180111-20:44:14.951] thr=5   paramiko.transport: EOF in transport thread
DEB [20180111-20:44:14.981] thr=6   paramiko.transport: starting thread (client mode): 0x66d4650
DEB [20180111-20:44:14.981] thr=6   paramiko.transport: Local version/idstring: SSH-2.0-paramiko_2.4.0
DEB [20180111-20:44:15.008] thr=6   paramiko.transport: Remote version/idstring: SSH-2.0-OpenSSH_7.2p2 Ubuntu-4ubuntu2.2
INF [20180111-20:44:15.008] thr=6   paramiko.transport: Connected (version 2.0, client OpenSSH_7.2p2)
DEB [20180111-20:44:15.028] thr=6   paramiko.transport: kex algos:['curve25519-sha256@libssh.org', 'ecdh-sha2-nistp256', 'ecdh-sha2-nistp384', 'ecdh-sha2-nistp521', 'diffie-hellman-group-exchange-sha256', 'diffie-hellman-group14-sha1'] server key:['ssh-rsa', 'rsa-sha2-512', 'rsa-sha2-256', 'ecdsa-sha2-nistp256', 'ssh-ed25519'] client encrypt:['chacha20-poly1305@openssh.com', 'aes128-ctr', 'aes192-ctr', 'aes256-ctr', 'aes128-gcm@openssh.com', 'aes256-gcm@openssh.com'] server encrypt:['chacha20-poly1305@openssh.com', 'aes128-ctr', 'aes192-ctr', 'aes256-ctr', 'aes128-gcm@openssh.com', 'aes256-gcm@openssh.com'] client mac:['umac-64-etm@openssh.com', 'umac-128-etm@openssh.com', 'hmac-sha2-256-etm@openssh.com', 'hmac-sha2-512-etm@openssh.com', 'hmac-sha1-etm@openssh.com', 'umac-64@openssh.com', 'umac-128@openssh.com', 'hmac-sha2-256', 'hmac-sha2-512', 'hmac-sha1'] server mac:['umac-64-etm@openssh.com', 'umac-128-etm@openssh.com', 'hmac-sha2-256-etm@openssh.com', 'hmac-sha2-512-etm@openssh.com', 'hmac-sha1-etm@openssh.com', 'umac-64@openssh.com', 'umac-128@openssh.com', 'hmac-sha2-256', 'hmac-sha2-512', 'hmac-sha1'] client compress:['none', 'zlib@openssh.com'] server compress:['none', 'zlib@openssh.com'] client lang:[''] server lang:[''] kex follows?False
DEB [20180111-20:44:15.028] thr=6   paramiko.transport: Kex agreed: ecdh-sha2-nistp256
DEB [20180111-20:44:15.028] thr=6   paramiko.transport: HostKey agreed: ssh-ed25519
DEB [20180111-20:44:15.028] thr=6   paramiko.transport: Cipher agreed: aes128-ctr
DEB [20180111-20:44:15.028] thr=6   paramiko.transport: MAC agreed: hmac-sha2-256
DEB [20180111-20:44:15.028] thr=6   paramiko.transport: Compression agreed: none
DEB [20180111-20:44:15.049] thr=6   paramiko.transport: kex engine KexNistp256 specified hash_algo <built-in function openssl_sha256>
DEB [20180111-20:44:15.049] thr=6   paramiko.transport: Switch to new keys ...
DEB [20180111-20:44:15.049] thr=2   paramiko.transport: Attempting public-key auth...
DEB [20180111-20:44:15.120] thr=6   paramiko.transport: userauth is OK
INF [20180111-20:44:15.165] thr=6   paramiko.transport: Authentication (publickey) successful!
DEB [20180111-20:44:15.165] thr=2   paramiko.transport: [chan 0] Max packet in: 32768 bytes
DEB [20180111-20:44:15.265] thr=6   paramiko.transport: Received global request "hostkeys-00@openssh.com"
DEB [20180111-20:44:15.266] thr=6   paramiko.transport: Rejecting "hostkeys-00@openssh.com" global request from server.
DEB [20180111-20:44:15.324] thr=6   paramiko.transport: [chan 0] Max packet out: 32768 bytes
DEB [20180111-20:44:15.324] thr=6   paramiko.transport: Secsh channel 0 opened.
DEB [20180111-20:44:15.344] thr=6   paramiko.transport: [chan 0] Sesch channel 0 request ok
INF [20180111-20:44:15.362] thr=2   paramiko.transport.sftp: [chan 0] Opened sftp connection (server version 3)
DEB [20180111-20:44:15.363] thr=2   paramiko.transport.sftp: [chan 0] open(b'/home/wso2cep/wso2das-3.1.0/repository/deployment/server/eventreceivers/431a46ddebe44237b0e44fa4aee8ee0a-2.xml', 'wb')
DEB [20180111-20:44:15.381] thr=2   paramiko.transport.sftp: [chan 0] open(b'/home/wso2cep/wso2das-3.1.0/repository/deployment/server/eventreceivers/431a46ddebe44237b0e44fa4aee8ee0a-2.xml', 'wb') -> 00000000
DEB [20180111-20:44:15.382] thr=2   paramiko.transport.sftp: [chan 0] close(00000000)
DEB [20180111-20:44:15.419] thr=2   paramiko.transport.sftp: [chan 0] stat(b'/home/wso2cep/wso2das-3.1.0/repository/deployment/server/eventreceivers/431a46ddebe44237b0e44fa4aee8ee0a-2.xml')
DEB [20180111-20:44:15.436] thr=6   paramiko.transport: EOF in transport thread
DEB [20180111-20:44:15.461] thr=7   paramiko.transport: starting thread (client mode): 0x66aed10
DEB [20180111-20:44:15.461] thr=7   paramiko.transport: Local version/idstring: SSH-2.0-paramiko_2.4.0
DEB [20180111-20:44:15.486] thr=7   paramiko.transport: Remote version/idstring: SSH-2.0-OpenSSH_7.2p2 Ubuntu-4ubuntu2.2
INF [20180111-20:44:15.486] thr=7   paramiko.transport: Connected (version 2.0, client OpenSSH_7.2p2)
DEB [20180111-20:44:15.504] thr=7   paramiko.transport: kex algos:['curve25519-sha256@libssh.org', 'ecdh-sha2-nistp256', 'ecdh-sha2-nistp384', 'ecdh-sha2-nistp521', 'diffie-hellman-group-exchange-sha256', 'diffie-hellman-group14-sha1'] server key:['ssh-rsa', 'rsa-sha2-512', 'rsa-sha2-256', 'ecdsa-sha2-nistp256', 'ssh-ed25519'] client encrypt:['chacha20-poly1305@openssh.com', 'aes128-ctr', 'aes192-ctr', 'aes256-ctr', 'aes128-gcm@openssh.com', 'aes256-gcm@openssh.com'] server encrypt:['chacha20-poly1305@openssh.com', 'aes128-ctr', 'aes192-ctr', 'aes256-ctr', 'aes128-gcm@openssh.com', 'aes256-gcm@openssh.com'] client mac:['umac-64-etm@openssh.com', 'umac-128-etm@openssh.com', 'hmac-sha2-256-etm@openssh.com', 'hmac-sha2-512-etm@openssh.com', 'hmac-sha1-etm@openssh.com', 'umac-64@openssh.com', 'umac-128@openssh.com', 'hmac-sha2-256', 'hmac-sha2-512', 'hmac-sha1'] server mac:['umac-64-etm@openssh.com', 'umac-128-etm@openssh.com', 'hmac-sha2-256-etm@openssh.com', 'hmac-sha2-512-etm@openssh.com', 'hmac-sha1-etm@openssh.com', 'umac-64@openssh.com', 'umac-128@openssh.com', 'hmac-sha2-256', 'hmac-sha2-512', 'hmac-sha1'] client compress:['none', 'zlib@openssh.com'] server compress:['none', 'zlib@openssh.com'] client lang:[''] server lang:[''] kex follows?False
DEB [20180111-20:44:15.505] thr=7   paramiko.transport: Kex agreed: ecdh-sha2-nistp256
DEB [20180111-20:44:15.505] thr=7   paramiko.transport: HostKey agreed: ssh-ed25519
DEB [20180111-20:44:15.505] thr=7   paramiko.transport: Cipher agreed: aes128-ctr
DEB [20180111-20:44:15.505] thr=7   paramiko.transport: MAC agreed: hmac-sha2-256
DEB [20180111-20:44:15.505] thr=7   paramiko.transport: Compression agreed: none
DEB [20180111-20:44:15.529] thr=7   paramiko.transport: kex engine KexNistp256 specified hash_algo <built-in function openssl_sha256>
DEB [20180111-20:44:15.530] thr=7   paramiko.transport: Switch to new keys ...
DEB [20180111-20:44:15.530] thr=2   paramiko.transport: Attempting public-key auth...
DEB [20180111-20:44:15.601] thr=7   paramiko.transport: userauth is OK
INF [20180111-20:44:15.645] thr=7   paramiko.transport: Authentication (publickey) successful!
DEB [20180111-20:44:15.646] thr=2   paramiko.transport: [chan 0] Max packet in: 32768 bytes
DEB [20180111-20:44:15.745] thr=7   paramiko.transport: Received global request "hostkeys-00@openssh.com"
DEB [20180111-20:44:15.745] thr=7   paramiko.transport: Rejecting "hostkeys-00@openssh.com" global request from server.
DEB [20180111-20:44:15.806] thr=7   paramiko.transport: [chan 0] Max packet out: 32768 bytes
DEB [20180111-20:44:15.806] thr=7   paramiko.transport: Secsh channel 0 opened.
DEB [20180111-20:44:15.824] thr=7   paramiko.transport: [chan 0] Sesch channel 0 request ok
INF [20180111-20:44:15.845] thr=2   paramiko.transport.sftp: [chan 0] Opened sftp connection (server version 3)
DEB [20180111-20:44:15.845] thr=2   paramiko.transport.sftp: [chan 0] open(b'/home/wso2cep/wso2das-3.1.0/repository/deployment/server/executionplans/431a46ddebe44237b0e44fa4aee8ee0a-3.siddhiql', 'wb')
DEB [20180111-20:44:15.863] thr=2   paramiko.transport.sftp: [chan 0] open(b'/home/wso2cep/wso2das-3.1.0/repository/deployment/server/executionplans/431a46ddebe44237b0e44fa4aee8ee0a-3.siddhiql', 'wb') -> 00000000
DEB [20180111-20:44:15.864] thr=2   paramiko.transport.sftp: [chan 0] close(00000000)
DEB [20180111-20:44:15.902] thr=2   paramiko.transport.sftp: [chan 0] stat(b'/home/wso2cep/wso2das-3.1.0/repository/deployment/server/executionplans/431a46ddebe44237b0e44fa4aee8ee0a-3.siddhiql')
DEB [20180111-20:44:15.920] thr=7   paramiko.transport: EOF in transport thread
